<?xml version="1.0" encoding="UTF-8"?>
<!-- Generated by org.testng.reporters.JUnitReportReporter -->
<testsuite skipped="0" hostname="ip-172-31-95-9" name="tests.SignUpPageTest" tests="1" failures="0" timestamp="20 Dec 2021 05:50:09 GMT" time="1.785" errors="0">
  <testcase name="signupTest" time="1.785" classname="tests.SignUpPageTest"/>
</testsuite> <!-- tests.SignUpPageTest -->
