<?xml version="1.0" encoding="UTF-8"?>
<!-- Generated by org.testng.reporters.JUnitReportReporter -->
<testsuite skipped="0" hostname="ip-172-31-95-9" name="tests.LoginPageTest" tests="1" failures="0" timestamp="20 Dec 2021 05:50:09 GMT" time="1.367" errors="0">
  <testcase name="LoginTest" time="1.367" classname="tests.LoginPageTest"/>
</testsuite> <!-- tests.LoginPageTest -->
